<?xml version="1.0" encoding="UTF-8"?>
<!-- Generated by org.testng.reporters.JUnitReportReporter -->
<testsuite skipped="0" hostname="DELL-PC" name="testNGpractice.Parametrization" tests="1" failures="0" timestamp="2022-11-12T18:57:53 IST" time="0.000" errors="0">
  <testcase name="getdynamicinput" time="0.000" classname="testNGpractice.Parametrization"/>
  <system-out/>
</testsuite> <!-- testNGpractice.Parametrization -->
