<?xml version="1.0" encoding="UTF-8"?>
<!-- Generated by org.testng.reporters.JUnitReportReporter -->
<testsuite skipped="0" hostname="DELL-PC" name="testNGpractice.TestNGsample" tests="3" failures="0" timestamp="2022-11-12T18:06:00 IST" time="0.012" errors="0">
  <testcase name="thirdcase" time="0.008" classname="testNGpractice.TestNGsample"/>
  <system-out/>
  <testcase name="firstcase" time="0.002" classname="testNGpractice.TestNGsample"/>
  <system-out/>
  <testcase name="secondcase" time="0.002" classname="testNGpractice.TestNGsample"/>
  <system-out/>
</testsuite> <!-- testNGpractice.TestNGsample -->
