<?xml version="1.0" encoding="UTF-8"?>
<!-- Generated by org.testng.reporters.JUnitReportReporter -->
<testsuite skipped="0" hostname="DELL-PC" name="testNGpractice.Groupingpractice" tests="2" failures="0" timestamp="2022-11-12T18:37:52 IST" time="0.010" errors="0">
  <testcase name="tiger" time="0.001" classname="testNGpractice.Groupingpractice"/>
  <system-out/>
  <testcase name="lion" time="0.009" classname="testNGpractice.Groupingpractice"/>
  <system-out/>
</testsuite> <!-- testNGpractice.Groupingpractice -->
