<?xml version="1.0" encoding="UTF-8"?>
<!-- Generated by org.testng.reporters.JUnitReportReporter -->
<testsuite skipped="0" hostname="DELL-PC" name="testNGpractice.Suitecreation" tests="2" failures="0" timestamp="2022-11-12T18:30:25 IST" time="3.872" errors="0">
  <testcase name="opengooglelinkedin" time="1.117" classname="testNGpractice.Suitecreation"/>
  <system-out/>
  <testcase name="openbing" time="2.755" classname="testNGpractice.Suitecreation"/>
  <system-out/>
</testsuite> <!-- testNGpractice.Suitecreation -->
